app/build/intermediates/manifest_merge_blame_file/debug/manifest-merger-blame-debug-report.txt
1<?xml version="1.0" encoding="utf-8"?>
2<manifest xmlns:android="http://schemas.android.com/apk/res/android"
3    package="com.engin.zedgeassignment"
4    android:versionCode="1"
5    android:versionName="1.0" >
6
7    <uses-sdk
8        android:minSdkVersion="21"
8-->src\main\AndroidManifest.xml
9        android:targetSdkVersion="32" />
9-->src\main\AndroidManifest.xml
10
11    <uses-permission android:name="android.permission.INTERNET" />
11-->src\main\AndroidManifest.xml:5:5-67
11-->src\main\AndroidManifest.xml:5:22-64
12
13    <!-- Permission will be merged into the manifest of the hosting app. -->
14    <!-- Is required to launch foreground extraction service for targetSdkVersion 28+. -->
15    <uses-permission android:name="android.permission.FOREGROUND_SERVICE" />
15-->[com.google.android.play:core:1.9.1] AndroidManifest.xml:8:3-74
15-->[com.google.android.play:core:1.9.1] AndroidManifest.xml:8:20-72
16
17    <application
17-->src\main\AndroidManifest.xml:7:5-25:19
18        android:name="com.engin.zedgeassignment.MyApplication"
18-->src\main\AndroidManifest.xml:8:9-38
19        android:allowBackup="true"
19-->src\main\AndroidManifest.xml:9:9-35
20        android:appComponentFactory="androidx.core.app.CoreComponentFactory"
20-->[androidx.core:core:1.7.0] AndroidManifest.xml:24:18-86
21        android:debuggable="true"
22        android:icon="@mipmap/ic_launcher"
22-->src\main\AndroidManifest.xml:10:9-43
23        android:label="@string/app_name"
23-->src\main\AndroidManifest.xml:11:9-41
24        android:roundIcon="@mipmap/ic_launcher_round"
24-->src\main\AndroidManifest.xml:12:9-54
25        android:supportsRtl="true"
25-->src\main\AndroidManifest.xml:13:9-35
26        android:testOnly="true"
27        android:theme="@style/Theme.ZedgeAssignment" >
27-->src\main\AndroidManifest.xml:14:9-53
28        <activity
28-->src\main\AndroidManifest.xml:15:9-23:20
29            android:name="com.engin.zedgeassignment.ui.MainActivity"
29-->src\main\AndroidManifest.xml:16:13-44
30            android:exported="true" >
30-->src\main\AndroidManifest.xml:17:13-36
31            <intent-filter>
31-->src\main\AndroidManifest.xml:18:13-22:29
32                <action android:name="android.intent.action.MAIN" />
32-->src\main\AndroidManifest.xml:19:17-69
32-->src\main\AndroidManifest.xml:19:25-66
33
34                <category android:name="android.intent.category.LAUNCHER" />
34-->src\main\AndroidManifest.xml:21:17-77
34-->src\main\AndroidManifest.xml:21:27-74
35            </intent-filter>
36        </activity>
37        <activity android:name="com.engin.zedgeassignment.ui.ImageDetailActivity" />
37-->src\main\AndroidManifest.xml:24:9-60
37-->src\main\AndroidManifest.xml:24:19-57
38
39        <service
39-->[androidx.room:room-runtime:2.4.2] AndroidManifest.xml:25:9-28:40
40            android:name="androidx.room.MultiInstanceInvalidationService"
40-->[androidx.room:room-runtime:2.4.2] AndroidManifest.xml:26:13-74
41            android:directBootAware="true"
41-->[androidx.room:room-runtime:2.4.2] AndroidManifest.xml:27:13-43
42            android:exported="false" />
42-->[androidx.room:room-runtime:2.4.2] AndroidManifest.xml:28:13-37
43
44        <provider
44-->[androidx.emoji2:emoji2:1.0.0] AndroidManifest.xml:26:9-34:20
45            android:name="androidx.startup.InitializationProvider"
45-->[androidx.emoji2:emoji2:1.0.0] AndroidManifest.xml:27:13-67
46            android:authorities="com.engin.zedgeassignment.androidx-startup"
46-->[androidx.emoji2:emoji2:1.0.0] AndroidManifest.xml:28:13-68
47            android:exported="false" >
47-->[androidx.emoji2:emoji2:1.0.0] AndroidManifest.xml:29:13-37
48            <meta-data
48-->[androidx.emoji2:emoji2:1.0.0] AndroidManifest.xml:31:13-33:52
49                android:name="androidx.emoji2.text.EmojiCompatInitializer"
49-->[androidx.emoji2:emoji2:1.0.0] AndroidManifest.xml:32:17-75
50                android:value="androidx.startup" />
50-->[androidx.emoji2:emoji2:1.0.0] AndroidManifest.xml:33:17-49
51            <meta-data
51-->[androidx.lifecycle:lifecycle-process:2.4.0] AndroidManifest.xml:31:13-33:52
52                android:name="androidx.lifecycle.ProcessLifecycleInitializer"
52-->[androidx.lifecycle:lifecycle-process:2.4.0] AndroidManifest.xml:32:17-78
53                android:value="androidx.startup" />
53-->[androidx.lifecycle:lifecycle-process:2.4.0] AndroidManifest.xml:33:17-49
54        </provider> <!-- The activities will be merged into the manifest of the hosting app. -->
55        <activity
55-->[com.google.android.play:core:1.9.1] AndroidManifest.xml:12:5-271
56            android:name="com.google.android.play.core.missingsplits.PlayCoreMissingSplitsActivity"
56-->[com.google.android.play:core:1.9.1] AndroidManifest.xml:12:15-102
57            android:enabled="false"
57-->[com.google.android.play:core:1.9.1] AndroidManifest.xml:12:103-126
58            android:exported="false"
58-->[com.google.android.play:core:1.9.1] AndroidManifest.xml:12:127-151
59            android:launchMode="singleInstance"
59-->[com.google.android.play:core:1.9.1] AndroidManifest.xml:12:204-239
60            android:process=":playcore_missing_splits_activity"
60-->[com.google.android.play:core:1.9.1] AndroidManifest.xml:12:152-203
61            android:stateNotNeeded="true" />
61-->[com.google.android.play:core:1.9.1] AndroidManifest.xml:12:240-269
62        <activity
62-->[com.google.android.play:core:1.9.1] AndroidManifest.xml:13:5-226
63            android:name="com.google.android.play.core.common.PlayCoreDialogWrapperActivity"
63-->[com.google.android.play:core:1.9.1] AndroidManifest.xml:13:15-95
64            android:enabled="false"
64-->[com.google.android.play:core:1.9.1] AndroidManifest.xml:13:96-119
65            android:exported="false"
65-->[com.google.android.play:core:1.9.1] AndroidManifest.xml:13:120-144
66            android:stateNotNeeded="true"
66-->[com.google.android.play:core:1.9.1] AndroidManifest.xml:13:145-174
67            android:theme="@style/Theme.PlayCore.Transparent" /> <!-- The services will be merged into the manifest of the hosting app. -->
67-->[com.google.android.play:core:1.9.1] AndroidManifest.xml:13:175-224
68        <service
68-->[com.google.android.play:core:1.9.1] AndroidManifest.xml:16:5-18:15
69            android:name="com.google.android.play.core.assetpacks.AssetPackExtractionService"
69-->[com.google.android.play:core:1.9.1] AndroidManifest.xml:16:14-95
70            android:enabled="false"
70-->[com.google.android.play:core:1.9.1] AndroidManifest.xml:16:96-119
71            android:exported="true" >
71-->[com.google.android.play:core:1.9.1] AndroidManifest.xml:16:120-143
72            <meta-data
72-->[com.google.android.play:core:1.9.1] AndroidManifest.xml:17:7-108
73                android:name="com.google.android.play.core.assetpacks.versionCode"
73-->[com.google.android.play:core:1.9.1] AndroidManifest.xml:17:18-84
74                android:value="10901" />
74-->[com.google.android.play:core:1.9.1] AndroidManifest.xml:17:85-106
75        </service>
76        <service
76-->[com.google.android.play:core:1.9.1] AndroidManifest.xml:19:5-147
77            android:name="com.google.android.play.core.assetpacks.ExtractionForegroundService"
77-->[com.google.android.play:core:1.9.1] AndroidManifest.xml:19:14-96
78            android:enabled="false"
78-->[com.google.android.play:core:1.9.1] AndroidManifest.xml:19:97-120
79            android:exported="false" />
79-->[com.google.android.play:core:1.9.1] AndroidManifest.xml:19:121-145
80    </application>
81
82</manifest>